<html>
<head>
<title>TestNG:  Default test</title>
<link href="../testng.css" rel="stylesheet" type="text/css" />
<link href="../my-testng.css" rel="stylesheet" type="text/css" />

<style type="text/css">
.log { display: none;} 
.stack-trace { display: none;} 
</style>
<script type="text/javascript">
<!--
function flip(e) {
  current = e.style.display;
  if (current == 'block') {
    e.style.display = 'none';
    return 0;
  }
  else {
    e.style.display = 'block';
    return 1;
  }
}

function toggleBox(szDivId, elem, msg1, msg2)
{
  var res = -1;  if (document.getElementById) {
    res = flip(document.getElementById(szDivId));
  }
  else if (document.all) {
    // this is the way old msie versions work
    res = flip(document.all[szDivId]);
  }
  if(elem) {
    if(res == 0) elem.innerHTML = msg1; else elem.innerHTML = msg2;
  }

}

function toggleAllBoxes() {
  if (document.getElementsByTagName) {
    d = document.getElementsByTagName('div');
    for (i = 0; i < d.length; i++) {
      if (d[i].className == 'log') {
        flip(d[i]);
      }
    }
  }
}

// -->
</script>

</head>
<body>
<h2 align='center'>Default test</h2><table border='1' align="center">
<tr>
<td>Tests passed/Failed/Skipped:</td><td>0/0/6</td>
</tr><tr>
<td>Started on:</td><td>Sun Aug 06 22:41:07 IST 2023</td>
</tr>
<tr><td>Total time:</td><td>2 seconds (2643 ms)</td>
</tr><tr>
<td>Included groups:</td><td></td>
</tr><tr>
<td>Excluded groups:</td><td></td>
</tr>
</table><p/>
<small><i>(Hover the method name to see the test class name)</i></small><p/>
<table width='100%' border='1' class='invocation-failed'>
<tr><td colspan='4' align='center'><b>FAILED CONFIGURATIONS</b></td></tr>
<tr><td><b>Test method</b></td>
<td width="30%"><b>Exception</b></td>
<td width="10%"><b>Time (seconds)</b></td>
<td><b>Instance</b></td>
</tr>
<tr>
<td title='com.OrangeHRMApplicationTestCases_PagesTest.OrangeHRMApplicationHomePageTest.applicationLaunch()'><b>applicationLaunch</b><br>Test class: com.OrangeHRMApplicationTestCases_PagesTest.OrangeHRMApplicationHomePageTest</td>
<td><div><pre>org.openqa.selenium.SessionNotCreatedException: session not created: This version of ChromeDriver only supports Chrome version 107
Current browser version is 115.0.5790.111 with binary path C:\Program Files\Google\Chrome\Application\chrome.exe
Build info: version: &apos;3.141.59&apos;, revision: &apos;e82be7d358&apos;, time: &apos;2018-11-14T08:17:03&apos;
System info: host: &apos;MSI&apos;, ip: &apos;192.168.87.238&apos;, os.name: &apos;Windows 10&apos;, os.arch: &apos;amd64&apos;, os.version: &apos;10.0&apos;, java.version: &apos;1.8.0_131&apos;
Driver info: driver.version: ChromeDriver
remote stacktrace: Backtrace:
	Ordinal0 [0x005BACD3+2075859]
	Ordinal0 [0x0054EE61+1633889]
	Ordinal0 [0x0044B7BD+571325]
	Ordinal0 [0x0046DFCD+712653]
	Ordinal0 [0x00469266+692838]
	Ordinal0 [0x00466BE9+682985]
	Ordinal0 [0x0049DBD3+908243]
	Ordinal0 [0x0049D6AA+906922]
	Ordinal0 [0x00497136+880950]
	Ordinal0 [0x0046FEFD+720637]
	Ordinal0 [0x00470F3F+724799]
	GetHandleVerifier [0x0086EED2+2769538]
	GetHandleVerifier [0x00860D95+2711877]
	GetHandleVerifier [0x0064A03A+521194]
	GetHandleVerifier [0x00648DA0+516432]
	Ordinal0 [0x0055682C+1665068]
	Ordinal0 [0x0055B128+1683752]
	Ordinal0 [0x0055B215+1683989]
	Ordinal0 [0x00566484+1729668]
	BaseThreadInitThunk [0x762E7D59+25]
	RtlInitializeExceptionChain [0x76FAB79B+107]
	RtlClearBits [0x76FAB71F+191]

	at sun.reflect.NativeConstructorAccessorImpl.newInstance0(Native Method)
	at sun.reflect.NativeConstructorAccessorImpl.newInstance(Unknown Source)
	at sun.reflect.DelegatingConstructorAccessorImpl.newInstance(Unknown Source)
	at java.lang.reflect.Constructor.newInstance(Unknown Source)
	at org.openqa.selenium.remote.W3CHandshakeResponse.lambda$errorHandler$0(W3CHandshakeResponse.java:62)
	at org.openqa.selenium.remote.HandshakeResponse.lambda$getResponseFunction$0(HandshakeResponse.java:30)
	at org.openqa.selenium.remote.ProtocolHandshake.lambda$createSession$0(ProtocolHandshake.java:126)
	at java.util.stream.ReferencePipeline$3$1.accept(Unknown Source)
	at java.util.Spliterators$ArraySpliterator.tryAdvance(Unknown Source)
	at java.util.stream.ReferencePipeline.forEachWithCancel(Unknown Source)
	at java.util.stream.AbstractPipeline.copyIntoWithCancel(Unknown Source)
	at java.util.stream.AbstractPipeline.copyInto(Unknown Source)
	at java.util.stream.AbstractPipeline.wrapAndCopyInto(Unknown Source)
	at java.util.stream.FindOps$FindOp.evaluateSequential(Unknown Source)
	at java.util.stream.AbstractPipeline.evaluate(Unknown Source)
	at java.util.stream.ReferencePipeline.findFirst(Unknown Source)
	at org.openqa.selenium.remote.ProtocolHandshake.createSession(ProtocolHandshake.java:128)
	at org.openqa.selenium.remote.ProtocolHandshake.createSession(ProtocolHandshake.java:74)
	at org.openqa.selenium.remote.HttpCommandExecutor.execute(HttpCommandExecutor.java:136)
	at org.openqa.selenium.remote.service.DriverCommandExecutor.execute(DriverCommandExecutor.java:83)
	at org.openqa.selenium.remote.RemoteWebDriver.execute(RemoteWebDriver.java:552)
	at org.openqa.selenium.remote.RemoteWebDriver.startSession(RemoteWebDriver.java:213)
	at org.openqa.selenium.remote.RemoteWebDriver.&lt;init&gt;(RemoteWebDriver.java:131)
	at org.openqa.selenium.chrome.ChromeDriver.&lt;init&gt;(ChromeDriver.java:181)
	at org.openqa.selenium.chrome.ChromeDriver.&lt;init&gt;(ChromeDriver.java:168)
	at org.openqa.selenium.chrome.ChromeDriver.&lt;init&gt;(ChromeDriver.java:123)
	at com.BaseTest.BaseTest.applicationLaunch(BaseTest.java:24)
	at sun.reflect.NativeMethodAccessorImpl.invoke0(Native Method)
	at sun.reflect.NativeMethodAccessorImpl.invoke(Unknown Source)
	at sun.reflect.DelegatingMethodAccessorImpl.invoke(Unknown Source)
	at java.lang.reflect.Method.invoke(Unknown Source)
	at org.testng.internal.MethodInvocationHelper.invokeMethod(MethodInvocationHelper.java:86)
	at org.testng.internal.Invoker.invokeConfigurationMethod(Invoker.java:514)
	at org.testng.internal.Invoker.invokeConfigurations(Invoker.java:215)
	at org.testng.internal.Invoker.invokeMethod(Invoker.java:589)
	at org.testng.internal.Invoker.invokeTestMethod(Invoker.java:822)
	at org.testng.internal.Invoker.invokeTestMethods(Invoker.java:1130)
	at org.testng.internal.TestMethodWorker.invokeTestMethods(TestMethodWorker.java:129)
	at org.testng.internal.TestMethodWorker.run(TestMethodWorker.java:112)
	at org.testng.TestRunner.privateRun(TestRunner.java:782)
	at org.testng.TestRunner.run(TestRunner.java:632)
	at org.testng.SuiteRunner.runTest(SuiteRunner.java:366)
	at org.testng.SuiteRunner.runSequentially(SuiteRunner.java:361)
	at org.testng.SuiteRunner.privateRun(SuiteRunner.java:319)
	at org.testng.SuiteRunner.run(SuiteRunner.java:268)
	at org.testng.SuiteRunnerWorker.runSuite(SuiteRunnerWorker.java:52)
	at org.testng.SuiteRunnerWorker.run(SuiteRunnerWorker.java:86)
	at org.testng.TestNG.runSuitesSequentially(TestNG.java:1244)
	at org.testng.TestNG.runSuitesLocally(TestNG.java:1169)
	at org.testng.TestNG.run(TestNG.java:1064)
	at org.testng.remote.RemoteTestNG.run(RemoteTestNG.java:113)
	at org.testng.remote.RemoteTestNG.initAndRun(RemoteTestNG.java:206)
	at org.testng.remote.RemoteTestNG.main(RemoteTestNG.java:177)
</pre></div><a href='#' onClick='toggleBox("stack-trace16868310", this, "Click to show all stack frames", "Click to hide stack frames")'>Click to show all stack frames</a>
<div class='stack-trace' id='stack-trace16868310'><pre>org.openqa.selenium.SessionNotCreatedException: session not created: This version of ChromeDriver only supports Chrome version 107
Current browser version is 115.0.5790.111 with binary path C:\Program Files\Google\Chrome\Application\chrome.exe
Build info: version: &apos;3.141.59&apos;, revision: &apos;e82be7d358&apos;, time: &apos;2018-11-14T08:17:03&apos;
System info: host: &apos;MSI&apos;, ip: &apos;192.168.87.238&apos;, os.name: &apos;Windows 10&apos;, os.arch: &apos;amd64&apos;, os.version: &apos;10.0&apos;, java.version: &apos;1.8.0_131&apos;
Driver info: driver.version: ChromeDriver
remote stacktrace: Backtrace:
	Ordinal0 [0x005BACD3+2075859]
	Ordinal0 [0x0054EE61+1633889]
	Ordinal0 [0x0044B7BD+571325]
	Ordinal0 [0x0046DFCD+712653]
	Ordinal0 [0x00469266+692838]
	Ordinal0 [0x00466BE9+682985]
	Ordinal0 [0x0049DBD3+908243]
	Ordinal0 [0x0049D6AA+906922]
	Ordinal0 [0x00497136+880950]
	Ordinal0 [0x0046FEFD+720637]
	Ordinal0 [0x00470F3F+724799]
	GetHandleVerifier [0x0086EED2+2769538]
	GetHandleVerifier [0x00860D95+2711877]
	GetHandleVerifier [0x0064A03A+521194]
	GetHandleVerifier [0x00648DA0+516432]
	Ordinal0 [0x0055682C+1665068]
	Ordinal0 [0x0055B128+1683752]
	Ordinal0 [0x0055B215+1683989]
	Ordinal0 [0x00566484+1729668]
	BaseThreadInitThunk [0x762E7D59+25]
	RtlInitializeExceptionChain [0x76FAB79B+107]
	RtlClearBits [0x76FAB71F+191]

	at sun.reflect.NativeConstructorAccessorImpl.newInstance0(Native Method)
	at sun.reflect.NativeConstructorAccessorImpl.newInstance(Unknown Source)
	at sun.reflect.DelegatingConstructorAccessorImpl.newInstance(Unknown Source)
	at java.lang.reflect.Constructor.newInstance(Unknown Source)
	at org.openqa.selenium.remote.W3CHandshakeResponse.lambda$errorHandler$0(W3CHandshakeResponse.java:62)
	at org.openqa.selenium.remote.HandshakeResponse.lambda$getResponseFunction$0(HandshakeResponse.java:30)
	at org.openqa.selenium.remote.ProtocolHandshake.lambda$createSession$0(ProtocolHandshake.java:126)
	at java.util.stream.ReferencePipeline$3$1.accept(Unknown Source)
	at java.util.Spliterators$ArraySpliterator.tryAdvance(Unknown Source)
	at java.util.stream.ReferencePipeline.forEachWithCancel(Unknown Source)
	at java.util.stream.AbstractPipeline.copyIntoWithCancel(Unknown Source)
	at java.util.stream.AbstractPipeline.copyInto(Unknown Source)
	at java.util.stream.AbstractPipeline.wrapAndCopyInto(Unknown Source)
	at java.util.stream.FindOps$FindOp.evaluateSequential(Unknown Source)
	at java.util.stream.AbstractPipeline.evaluate(Unknown Source)
	at java.util.stream.ReferencePipeline.findFirst(Unknown Source)
	at org.openqa.selenium.remote.ProtocolHandshake.createSession(ProtocolHandshake.java:128)
	at org.openqa.selenium.remote.ProtocolHandshake.createSession(ProtocolHandshake.java:74)
	at org.openqa.selenium.remote.HttpCommandExecutor.execute(HttpCommandExecutor.java:136)
	at org.openqa.selenium.remote.service.DriverCommandExecutor.execute(DriverCommandExecutor.java:83)
	at org.openqa.selenium.remote.RemoteWebDriver.execute(RemoteWebDriver.java:552)
	at org.openqa.selenium.remote.RemoteWebDriver.startSession(RemoteWebDriver.java:213)
	at org.openqa.selenium.remote.RemoteWebDriver.&lt;init&gt;(RemoteWebDriver.java:131)
	at org.openqa.selenium.chrome.ChromeDriver.&lt;init&gt;(ChromeDriver.java:181)
	at org.openqa.selenium.chrome.ChromeDriver.&lt;init&gt;(ChromeDriver.java:168)
	at org.openqa.selenium.chrome.ChromeDriver.&lt;init&gt;(ChromeDriver.java:123)
	at com.BaseTest.BaseTest.applicationLaunch(BaseTest.java:24)
	at sun.reflect.NativeMethodAccessorImpl.invoke0(Native Method)
	at sun.reflect.NativeMethodAccessorImpl.invoke(Unknown Source)
	at sun.reflect.DelegatingMethodAccessorImpl.invoke(Unknown Source)
	at java.lang.reflect.Method.invoke(Unknown Source)
	at org.testng.internal.MethodInvocationHelper.invokeMethod(MethodInvocationHelper.java:86)
	at org.testng.internal.Invoker.invokeConfigurationMethod(Invoker.java:514)
	at org.testng.internal.Invoker.invokeConfigurations(Invoker.java:215)
	at org.testng.internal.Invoker.invokeMethod(Invoker.java:589)
	at org.testng.internal.Invoker.invokeTestMethod(Invoker.java:822)
	at org.testng.internal.Invoker.invokeTestMethods(Invoker.java:1130)
	at org.testng.internal.TestMethodWorker.invokeTestMethods(TestMethodWorker.java:129)
	at org.testng.internal.TestMethodWorker.run(TestMethodWorker.java:112)
	at org.testng.TestRunner.privateRun(TestRunner.java:782)
	at org.testng.TestRunner.run(TestRunner.java:632)
	at org.testng.SuiteRunner.runTest(SuiteRunner.java:366)
	at org.testng.SuiteRunner.runSequentially(SuiteRunner.java:361)
	at org.testng.SuiteRunner.privateRun(SuiteRunner.java:319)
	at org.testng.SuiteRunner.run(SuiteRunner.java:268)
	at org.testng.SuiteRunnerWorker.runSuite(SuiteRunnerWorker.java:52)
	at org.testng.SuiteRunnerWorker.run(SuiteRunnerWorker.java:86)
	at org.testng.TestNG.runSuitesSequentially(TestNG.java:1244)
	at org.testng.TestNG.runSuitesLocally(TestNG.java:1169)
	at org.testng.TestNG.run(TestNG.java:1064)
	at org.testng.remote.RemoteTestNG.run(RemoteTestNG.java:113)
	at org.testng.remote.RemoteTestNG.initAndRun(RemoteTestNG.java:206)
	at org.testng.remote.RemoteTestNG.main(RemoteTestNG.java:177)
</pre></div></td>
<td>0</td>
<td>com.OrangeHRMApplicationTestCases_PagesTest.OrangeHRMApplicationHomePageTest@75bd9247</td></tr>
</table><p>
<table width='100%' border='1' class='invocation-skipped'>
<tr><td colspan='4' align='center'><b>SKIPPED CONFIGURATIONS</b></td></tr>
<tr><td><b>Test method</b></td>
<td width="30%"><b>Exception</b></td>
<td width="10%"><b>Time (seconds)</b></td>
<td><b>Instance</b></td>
</tr>
<tr>
<td title='com.OrangeHRMApplicationTestCases_PagesTest.OrangeHRMApplicationHomePageTest.applicationLaunch()'><b>applicationLaunch</b><br>Test class: com.OrangeHRMApplicationTestCases_PagesTest.OrangeHRMApplicationHomePageTest</td>
<td></td>
<td>0</td>
<td>com.OrangeHRMApplicationTestCases_PagesTest.OrangeHRMApplicationHomePageTest@75bd9247</td></tr>
<tr>
<td title='com.OrangeHRMApplicationTestCases_PagesTest.OrangeHRMApplicationHomePageTest.applicationLaunch()'><b>applicationLaunch</b><br>Test class: com.OrangeHRMApplicationTestCases_PagesTest.OrangeHRMApplicationHomePageTest</td>
<td></td>
<td>0</td>
<td>com.OrangeHRMApplicationTestCases_PagesTest.OrangeHRMApplicationHomePageTest@75bd9247</td></tr>
<tr>
<td title='com.OrangeHRMApplicationTestCases_PagesTest.OrangeHRMApplicationHomePageTest.applicationLaunch()'><b>applicationLaunch</b><br>Test class: com.OrangeHRMApplicationTestCases_PagesTest.OrangeHRMApplicationHomePageTest</td>
<td></td>
<td>0</td>
<td>com.OrangeHRMApplicationTestCases_PagesTest.OrangeHRMApplicationHomePageTest@75bd9247</td></tr>
<tr>
<td title='com.OrangeHRMApplicationTestCases_PagesTest.OrangeHRMApplicationHomePageTest.applicationLaunch()'><b>applicationLaunch</b><br>Test class: com.OrangeHRMApplicationTestCases_PagesTest.OrangeHRMApplicationHomePageTest</td>
<td></td>
<td>0</td>
<td>com.OrangeHRMApplicationTestCases_PagesTest.OrangeHRMApplicationHomePageTest@75bd9247</td></tr>
<tr>
<td title='com.OrangeHRMApplicationTestCases_PagesTest.OrangeHRMApplicationHomePageTest.applicationLaunch()'><b>applicationLaunch</b><br>Test class: com.OrangeHRMApplicationTestCases_PagesTest.OrangeHRMApplicationHomePageTest</td>
<td></td>
<td>0</td>
<td>com.OrangeHRMApplicationTestCases_PagesTest.OrangeHRMApplicationHomePageTest@75bd9247</td></tr>
<tr>
<td title='com.OrangeHRMApplicationTestCases_PagesTest.OrangeHRMApplicationHomePageTest.applicationClose()'><b>applicationClose</b><br>Test class: com.OrangeHRMApplicationTestCases_PagesTest.OrangeHRMApplicationHomePageTest</td>
<td></td>
<td>0</td>
<td>com.OrangeHRMApplicationTestCases_PagesTest.OrangeHRMApplicationHomePageTest@75bd9247</td></tr>
<tr>
<td title='com.OrangeHRMApplicationTestCases_PagesTest.OrangeHRMApplicationHomePageTest.applicationClose()'><b>applicationClose</b><br>Test class: com.OrangeHRMApplicationTestCases_PagesTest.OrangeHRMApplicationHomePageTest</td>
<td></td>
<td>0</td>
<td>com.OrangeHRMApplicationTestCases_PagesTest.OrangeHRMApplicationHomePageTest@75bd9247</td></tr>
<tr>
<td title='com.OrangeHRMApplicationTestCases_PagesTest.OrangeHRMApplicationHomePageTest.applicationClose()'><b>applicationClose</b><br>Test class: com.OrangeHRMApplicationTestCases_PagesTest.OrangeHRMApplicationHomePageTest</td>
<td></td>
<td>0</td>
<td>com.OrangeHRMApplicationTestCases_PagesTest.OrangeHRMApplicationHomePageTest@75bd9247</td></tr>
<tr>
<td title='com.OrangeHRMApplicationTestCases_PagesTest.OrangeHRMApplicationHomePageTest.applicationClose()'><b>applicationClose</b><br>Test class: com.OrangeHRMApplicationTestCases_PagesTest.OrangeHRMApplicationHomePageTest</td>
<td></td>
<td>0</td>
<td>com.OrangeHRMApplicationTestCases_PagesTest.OrangeHRMApplicationHomePageTest@75bd9247</td></tr>
<tr>
<td title='com.OrangeHRMApplicationTestCases_PagesTest.OrangeHRMApplicationHomePageTest.applicationClose()'><b>applicationClose</b><br>Test class: com.OrangeHRMApplicationTestCases_PagesTest.OrangeHRMApplicationHomePageTest</td>
<td></td>
<td>0</td>
<td>com.OrangeHRMApplicationTestCases_PagesTest.OrangeHRMApplicationHomePageTest@75bd9247</td></tr>
<tr>
<td title='com.OrangeHRMApplicationTestCases_PagesTest.OrangeHRMApplicationHomePageTest.applicationClose()'><b>applicationClose</b><br>Test class: com.OrangeHRMApplicationTestCases_PagesTest.OrangeHRMApplicationHomePageTest</td>
<td></td>
<td>0</td>
<td>com.OrangeHRMApplicationTestCases_PagesTest.OrangeHRMApplicationHomePageTest@75bd9247</td></tr>
</table><p>
<table width='100%' border='1' class='invocation-skipped'>
<tr><td colspan='4' align='center'><b>SKIPPED TESTS</b></td></tr>
<tr><td><b>Test method</b></td>
<td width="30%"><b>Exception</b></td>
<td width="10%"><b>Time (seconds)</b></td>
<td><b>Instance</b></td>
</tr>
<tr>
<td title='com.OrangeHRMApplicationTestCases_PagesTest.OrangeHRMApplicationHomePageTest.oHRMAddemployeeFunctionalityTest()'><b>oHRMAddemployeeFunctionalityTest</b><br>Test class: com.OrangeHRMApplicationTestCases_PagesTest.OrangeHRMApplicationHomePageTest</td>
<td></td>
<td>0</td>
<td>com.OrangeHRMApplicationTestCases_PagesTest.OrangeHRMApplicationHomePageTest@75bd9247</td></tr>
<tr>
<td title='com.OrangeHRMApplicationTestCases_PagesTest.OrangeHRMApplicationHomePageTest.oHRMCandidateFunctionalityTest()'><b>oHRMCandidateFunctionalityTest</b><br>Test class: com.OrangeHRMApplicationTestCases_PagesTest.OrangeHRMApplicationHomePageTest</td>
<td></td>
<td>0</td>
<td>com.OrangeHRMApplicationTestCases_PagesTest.OrangeHRMApplicationHomePageTest@75bd9247</td></tr>
<tr>
<td title='com.OrangeHRMApplicationTestCases_PagesTest.OrangeHRMApplicationHomePageTest.oHRMEmployeeListFunctionalityTest()'><b>oHRMEmployeeListFunctionalityTest</b><br>Test class: com.OrangeHRMApplicationTestCases_PagesTest.OrangeHRMApplicationHomePageTest</td>
<td></td>
<td>0</td>
<td>com.OrangeHRMApplicationTestCases_PagesTest.OrangeHRMApplicationHomePageTest@75bd9247</td></tr>
<tr>
<td title='com.OrangeHRMApplicationTestCases_PagesTest.OrangeHRMApplicationHomePageTest.oHRMHomePageImageValidationTest()'><b>oHRMHomePageImageValidationTest</b><br>Test class: com.OrangeHRMApplicationTestCases_PagesTest.OrangeHRMApplicationHomePageTest</td>
<td></td>
<td>0</td>
<td>com.OrangeHRMApplicationTestCases_PagesTest.OrangeHRMApplicationHomePageTest@75bd9247</td></tr>
<tr>
<td title='com.OrangeHRMApplicationTestCases_PagesTest.OrangeHRMApplicationHomePageTest.oHRMHomePageTextValidationTest()'><b>oHRMHomePageTextValidationTest</b><br>Test class: com.OrangeHRMApplicationTestCases_PagesTest.OrangeHRMApplicationHomePageTest</td>
<td></td>
<td>0</td>
<td>com.OrangeHRMApplicationTestCases_PagesTest.OrangeHRMApplicationHomePageTest@75bd9247</td></tr>
<tr>
<td title='com.OrangeHRMApplicationTestCases_PagesTest.OrangeHRMApplicationHomePageTest.oHRMPerformanceFunctionalityTest()'><b>oHRMPerformanceFunctionalityTest</b><br>Test class: com.OrangeHRMApplicationTestCases_PagesTest.OrangeHRMApplicationHomePageTest</td>
<td></td>
<td>0</td>
<td>com.OrangeHRMApplicationTestCases_PagesTest.OrangeHRMApplicationHomePageTest@75bd9247</td></tr>
</table><p>
</body>
</html>